###############################################################
#  Generated by:      Cadence Encounter 11.12-s119_1
#  OS:                Linux x86_64(Host ID khalid.fransg)
#  Generated on:      Mon May 26 13:46:19 2014
#  Design:            mini_mips_p
#  Command:           checkDesign -all
###############################################################
Design: mini_mips_p

------ Design Summary:
Total Standard Cell Number   (cells) : 4830
Total Block Cell Number      (cells) : 2
Total I/O Pad Cell Number    (cells) : 556
Total Standard Cell Area     ( um^2) : 30269.20
Total Block Cell Area        ( um^2) : 190073.28
Total I/O Pad Cell Area      ( um^2) : 331968.00

------ Design Statistics:

Number of Instances            : 5388
Number of Nets                 : 5479
Average number of Pins per Net : 4.32
Maximum number of Pins in Net  : 162

------ I/O Port summary

Number of Primary I/O Ports    : 18
Number of Input Ports          : 0
Number of Output Ports         : 0
Number of Bidirectional Ports  : 18
Number of Power/Ground Ports   : 0



------------------------------------------------------------
Detail report:


------ I/O Pad/Port Checking


