#                          Extraction Options Log File
# Design "mini_mips_fakepad"
#

Option multi_corner_tech_file_00 = "/usr/local-eit/cad2/cmpstm/stm065v536/SignOffTechnoKit_cmos065lp_7m4x0y2z@5.3.4/etc/QrcTechLibs/RCMIN/RCMIN.tech"
Option multi_corner_temperature_00 = "125"

Option gray_data = "obs"

Option reduce_output = "false"

Option layout_scale = "1"

Option max_resistor_length = "15.4"

Option dump_options "false"

Option copy_port_to_obs = "true"

Option promote_feedthru_ports = "false"

Option remove_net_pin_overlap = "false"

Option coupled = "false"

Option enable_metal_fill_effects = "true"
Option metal_fill_type = "floating"

Option compress_cache_files = "false"


Power and ground nets are not extracted.
Port geometries are not used for resistance or capacitance extraction.
"max_resistor_length" in TQRC and IQRC extraction can vary from design to design.


#
# This file was generated by Encounter v11.12-s119_1 on Wed Jun  4 22:23:56 2014

